<?xml version="1.0" encoding="UTF-8"?>
<!-- Generated by org.testng.reporters.JUnitReportReporter -->
<testsuite hostname="DESKTOP-0I8CQ0P" failures="0" tests="5" name="admin_login.Admin_login" time="34.777" errors="0" timestamp="2021-12-28T13:25:41 IST" skipped="0">
  <testcase classname="admin_login.Admin_login" name="loginwithcorrectuserrname" time="4.192"/>
  <system-out/>
  <testcase classname="admin_login.Admin_login" name="loginwithcorrectuserrname" time="6.206"/>
  <system-out/>
  <testcase classname="admin_login.Admin_login" name="loginwithcorrectuserrname" time="15.885"/>
  <system-out/>
  <testcase classname="admin_login.Admin_login" name="loginwithcorrectuserrname" time="4.115"/>
  <system-out/>
  <testcase classname="admin_login.Admin_login" name="loginwithcorrectuserrname" time="4.379"/>
  <system-out/>
</testsuite> <!-- admin_login.Admin_login -->
