<?xml version="1.0" encoding="UTF-8"?>
<!-- Generated by org.testng.reporters.JUnitReportReporter -->
<testsuite hostname="DESKTOP-0I8CQ0P" failures="0" tests="5" name="nbpts_admin_login.Admin_login" time="25.977" errors="0" timestamp="2021-12-28T13:33:24 IST" skipped="0">
  <testcase classname="nbpts_admin_login.Admin_login" name="loginwithcorrectuserrname" time="4.176"/>
  <system-out/>
  <testcase classname="nbpts_admin_login.Admin_login" name="loginwithcorrectuserrname" time="6.739"/>
  <system-out/>
  <testcase classname="nbpts_admin_login.Admin_login" name="loginwithcorrectuserrname" time="6.687"/>
  <system-out/>
  <testcase classname="nbpts_admin_login.Admin_login" name="loginwithcorrectuserrname" time="4.174"/>
  <system-out/>
  <testcase classname="nbpts_admin_login.Admin_login" name="loginwithcorrectuserrname" time="4.201"/>
  <system-out/>
</testsuite> <!-- nbpts_admin_login.Admin_login -->
